<?xml version="1.0" encoding="UTF-8"?>
<!-- Generated by org.testng.reporters.JUnitReportReporter -->
<testsuite hostname="shakils-Air.lan" failures="0" tests="1" name="com.atomation.test.test1" time="35.791" errors="0" timestamp="2022-10-24T17:58:01 EDT" skipped="0">
  <testcase classname="com.atomation.test.test1" name="Test1" time="35.791"/>
  <system-out/>
</testsuite> <!-- com.atomation.test.test1 -->
