<?xml version="1.0" encoding="UTF-8"?>
<!-- Generated by org.testng.reporters.JUnitReportReporter -->
<testsuite hostname="shakils-Air.cable.rcn.com" failures="0" tests="1" name="com.atomation.test.test1" time="53.012" errors="0" timestamp="2022-12-26T02:48:00 EST" skipped="0">
  <testcase classname="com.atomation.test.test1" name="Test1" time="53.012"/>
  <system-out/>
</testsuite> <!-- com.atomation.test.test1 -->
