<?xml version="1.0" encoding="UTF-8"?>
<!-- Generated by org.testng.reporters.JUnitReportReporter -->
<testsuite hostname="shakils-Air.cable.rcn.com" failures="0" tests="3" name="com.atomation.test.test2" time="148.338" errors="1" timestamp="2022-10-26T11:45:36 EDT" skipped="0">
  <testcase classname="com.atomation.test.test2" name="chromeTest" time="62.956"/>
  <system-out/>
  <testcase classname="com.atomation.test.test2" name="fftest" time="12.536">
    <error message="Element &lt;a class=&quot;menu-link sub-menu-link&quot; href=&quot;https://www.optimalworkshop.com/demos/&quot;&gt; could not be scrolled into view
Build info: version: &#039;4.0.0&#039;, revision: &#039;3a21814679&#039;
System info: host: &#039;shakils-Air.cable.rcn.com&#039;, ip: &#039;fe80:0:0:0:1c64:5df9:3289:3e2b%en0&#039;, os.name: &#039;Mac OS X&#039;, os.arch: &#039;x86_64&#039;, os.version: &#039;12.6&#039;, java.version: &#039;18.0.1.1&#039;
Driver info: org.openqa.selenium.firefox.FirefoxDriver
Command: [3edc0fbb-94c0-4014-b87a-6e5582010b7b, clickElement {id=7c7fd11b-eede-472f-a7e3-ee421c368ce1}]
Capabilities {acceptInsecureCerts: true, browserName: firefox, browserVersion: 103.0, javascriptEnabled: true, moz:accessibilityChecks: false, moz:buildID: 20220718155818, moz:debuggerAddress: localhost:62136, moz:geckodriverVersion: 0.31.0, moz:headless: true, moz:platformVersion: 21.6.0, moz:processID: 1177, moz:profile: /var/folders/r6/6nq9ybbj4b9..., moz:shutdownTimeout: 60000, moz:useNonSpecCompliantPointerOrigin: false, moz:webdriverClick: true, moz:windowless: false, pageLoadStrategy: normal, platform: MAC, platformName: MAC, proxy: Proxy(), se:cdp: ws://localhost:62136/devtoo..., se:cdpVersion: 85, setWindowRect: true, strictFileInteractability: false, timeouts: {implicit: 0, pageLoad: 300000, script: 30000}, unhandledPromptBehavior: dismiss and notify}
Element: [[FirefoxDriver: firefox on MAC (3edc0fbb-94c0-4014-b87a-6e5582010b7b)] -&gt; xpath: //li[@id=&#039;nav-menu-item-1116&#039;]//a[@class=&#039;menu-link sub-menu-link&#039;][normalize-space()=&#039;Product demos&#039;]]
Session ID: 3edc0fbb-94c0-4014-b87a-6e5582010b7b" type="org.openqa.selenium.ElementNotInteractableException">
      <![CDATA[org.openqa.selenium.ElementNotInteractableException: Element <a class="menu-link sub-menu-link" href="https://www.optimalworkshop.com/demos/"> could not be scrolled into view
Build info: version: '4.0.0', revision: '3a21814679'
System info: host: 'shakils-Air.cable.rcn.com', ip: 'fe80:0:0:0:1c64:5df9:3289:3e2b%en0', os.name: 'Mac OS X', os.arch: 'x86_64', os.version: '12.6', java.version: '18.0.1.1'
Driver info: org.openqa.selenium.firefox.FirefoxDriver
Command: [3edc0fbb-94c0-4014-b87a-6e5582010b7b, clickElement {id=7c7fd11b-eede-472f-a7e3-ee421c368ce1}]
Capabilities {acceptInsecureCerts: true, browserName: firefox, browserVersion: 103.0, javascriptEnabled: true, moz:accessibilityChecks: false, moz:buildID: 20220718155818, moz:debuggerAddress: localhost:62136, moz:geckodriverVersion: 0.31.0, moz:headless: true, moz:platformVersion: 21.6.0, moz:processID: 1177, moz:profile: /var/folders/r6/6nq9ybbj4b9..., moz:shutdownTimeout: 60000, moz:useNonSpecCompliantPointerOrigin: false, moz:webdriverClick: true, moz:windowless: false, pageLoadStrategy: normal, platform: MAC, platformName: MAC, proxy: Proxy(), se:cdp: ws://localhost:62136/devtoo..., se:cdpVersion: 85, setWindowRect: true, strictFileInteractability: false, timeouts: {implicit: 0, pageLoad: 300000, script: 30000}, unhandledPromptBehavior: dismiss and notify}
Element: [[FirefoxDriver: firefox on MAC (3edc0fbb-94c0-4014-b87a-6e5582010b7b)] -> xpath: //li[@id='nav-menu-item-1116']//a[@class='menu-link sub-menu-link'][normalize-space()='Product demos']]
Session ID: 3edc0fbb-94c0-4014-b87a-6e5582010b7b
at java.base/jdk.internal.reflect.DirectConstructorHandleAccessor.newInstance(DirectConstructorHandleAccessor.java:67)
at java.base/java.lang.reflect.Constructor.newInstanceWithCaller(Constructor.java:499)
at java.base/java.lang.reflect.Constructor.newInstance(Constructor.java:483)
at org.openqa.selenium.remote.codec.w3c.W3CHttpResponseCodec.createException(W3CHttpResponseCodec.java:200)
at org.openqa.selenium.remote.codec.w3c.W3CHttpResponseCodec.decode(W3CHttpResponseCodec.java:133)
at org.openqa.selenium.remote.codec.w3c.W3CHttpResponseCodec.decode(W3CHttpResponseCodec.java:53)
at org.openqa.selenium.remote.HttpCommandExecutor.execute(HttpCommandExecutor.java:184)
at org.openqa.selenium.remote.service.DriverCommandExecutor.invokeExecute(DriverCommandExecutor.java:164)
at org.openqa.selenium.remote.service.DriverCommandExecutor.execute(DriverCommandExecutor.java:139)
at org.openqa.selenium.remote.RemoteWebDriver.execute(RemoteWebDriver.java:559)
at org.openqa.selenium.remote.RemoteWebElement.execute(RemoteWebElement.java:251)
at org.openqa.selenium.remote.RemoteWebElement.click(RemoteWebElement.java:77)
at com.automation.base.PageBase.clickProductDemos(PageBase.java:234)
at com.atomation.test.test2.fftest(test2.java:53)
at java.base/jdk.internal.reflect.DirectMethodHandleAccessor.invoke(DirectMethodHandleAccessor.java:104)
at java.base/java.lang.reflect.Method.invoke(Method.java:577)
at org.testng.internal.MethodInvocationHelper.invokeMethod(MethodInvocationHelper.java:133)
at org.testng.internal.TestInvoker.invokeMethod(TestInvoker.java:598)
at org.testng.internal.TestInvoker.invokeTestMethod(TestInvoker.java:173)
at org.testng.internal.MethodRunner.runInSequence(MethodRunner.java:46)
at org.testng.internal.TestInvoker$MethodInvocationAgent.invoke(TestInvoker.java:824)
at org.testng.internal.TestInvoker.invokeTestMethods(TestInvoker.java:146)
at org.testng.internal.TestMethodWorker.invokeTestMethods(TestMethodWorker.java:146)
at org.testng.internal.TestMethodWorker.run(TestMethodWorker.java:128)
at java.base/java.util.ArrayList.forEach(ArrayList.java:1511)
at org.testng.TestRunner.privateRun(TestRunner.java:794)
at org.testng.TestRunner.run(TestRunner.java:596)
at org.testng.SuiteRunner.runTest(SuiteRunner.java:377)
at org.testng.SuiteRunner.runSequentially(SuiteRunner.java:371)
at org.testng.SuiteRunner.privateRun(SuiteRunner.java:332)
at org.testng.SuiteRunner.run(SuiteRunner.java:276)
at org.testng.SuiteRunnerWorker.runSuite(SuiteRunnerWorker.java:53)
at org.testng.SuiteRunnerWorker.run(SuiteRunnerWorker.java:96)
at org.testng.TestNG.runSuitesSequentially(TestNG.java:1212)
at org.testng.TestNG.runSuitesLocally(TestNG.java:1134)
at org.testng.TestNG.runSuites(TestNG.java:1063)
at org.testng.TestNG.run(TestNG.java:1031)
at org.testng.remote.AbstractRemoteTestNG.run(AbstractRemoteTestNG.java:115)
at org.testng.remote.RemoteTestNG.initAndRun(RemoteTestNG.java:251)
at org.testng.remote.RemoteTestNG.main(RemoteTestNG.java:77)
]]>
    </error>
  </testcase> <!-- fftest -->
  <system-out/>
  <testcase classname="com.atomation.test.test2" name="ieTest" time="72.846"/>
  <system-out/>
</testsuite> <!-- com.atomation.test.test2 -->
