<?xml version="1.0" encoding="UTF-8"?>
<!-- Generated by org.testng.reporters.JUnitReportReporter -->
<testsuite hostname="shakils-Air.cable.rcn.com" failures="0" tests="3" name="com.atomation.test.test2" time="174.310" errors="0" timestamp="2022-11-28T00:32:57 EST" skipped="0">
  <testcase classname="com.atomation.test.test2" name="chromeTest" time="55.655"/>
  <system-out/>
  <testcase classname="com.atomation.test.test2" name="fftest" time="37.696"/>
  <system-out/>
  <testcase classname="com.atomation.test.test2" name="ieTest" time="80.959"/>
  <system-out/>
</testsuite> <!-- com.atomation.test.test2 -->
