<?xml version="1.0" encoding="UTF-8"?>
<!-- Generated by org.testng.reporters.JUnitReportReporter -->
<testsuite hostname="shakils-Air.lan" failures="0" tests="1" name="com.atomation.test.test1" time="48.198" errors="0" timestamp="2022-10-20T21:22:13 EDT" skipped="0">
  <testcase classname="com.atomation.test.test1" name="Test1" time="48.198"/>
  <system-out/>
</testsuite> <!-- com.atomation.test.test1 -->
